<?xml version="1.0" encoding="UTF-8"?>
<testng-results ignored="0" total="1" passed="1" failed="0" skipped="0">
  <reporter-output>
  </reporter-output>
  <suite started-at="2021-03-02T07:27:50Z" name="Suite" finished-at="2021-03-02T07:28:34Z" duration-ms="44295">
    <groups>
    </groups>
    <test started-at="2021-03-02T07:27:50Z" name="Test" finished-at="2021-03-02T07:28:34Z" duration-ms="44295">
      <class name="TestCases.NewTest002">
        <test-method signature="f()[pri:0, instance:TestCases.NewTest002@534a5a98]" started-at="2021-03-02T12:57:50Z" name="f" finished-at="2021-03-02T12:58:34Z" duration-ms="44259" status="PASS">
          <reporter-output>
          </reporter-output>
        </test-method> <!-- f -->
      </class> <!-- TestCases.NewTest002 -->
    </test> <!-- Test -->
  </suite> <!-- Suite -->
</testng-results>
